{"name": "test_al", "status": "failed", "statusDetails": {"message": "AssertionError: assert 1 == 2", "trace": "def test_al():\n        logger.error('sdfasd')\n>       assert 1 == 2\nE       assert 1 == 2\n\ntestcases/auto_test.py:13: AssertionError"}, "start": 1595576803040, "stop": 1595576803041, "uuid": "dc2d338d-d929-4140-98cb-f720fc0d3612", "historyId": "094ae4f652b6385d9659ee39c7987e73", "testCaseId": "a718d9a079b57b67dd6b57ef0b05cc52", "fullName": "testcases.auto_test#test_al", "labels": [{"name": "parentSuite", "value": "testcases"}, {"name": "suite", "value": "auto_test"}, {"name": "host", "value": "duan-XPS-15-9570"}, {"name": "thread", "value": "12965-MainThread"}, {"name": "framework", "value": "pytest"}, {"name": "language", "value": "cpython3"}, {"name": "package", "value": "testcases.auto_test"}]}